<?xml version="1.0" encoding="UTF-8"?>
<testsuite xmlns:xsi="http://www.w3.org/2001/XMLSchema-instance" xsi:noNamespaceSchemaLocation="https://maven.apache.org/surefire/maven-surefire-plugin/xsd/surefire-test-report.xsd" name="def.AppTest" time="0.627" tests="5" errors="1" skipped="0" failures="0">
  <properties>
[...]
</properties>
  <testcase name="testHashfunction" classname="def.AppTest" time="0.51"/>
  <testcase name="testUserName" classname="def.AppTest" time="0.024"/>
  <testcase name="testIncome" classname="def.AppTest" time="0"/>
  <testcase name="testUnlockIncome" classname="def.AppTest" time="0.046">
    <error message="Unresolved compilation problems: &#10;	The method GeneratePassword(String) is undefined for the type User&#10;	The method UnlockIncome(String, String) is undefined for the type User&#10;	The method UnlockIncome(String, String) is undefined for the type User&#10;" type="java.lang.Error">java.lang.Error: 
Unresolved compilation problems: 
	The method GeneratePassword(String) is undefined for the type User
	The method UnlockIncome(String, String) is undefined for the type User
	The method UnlockIncome(String, String) is undefined for the type User

	at def.AppTest.testUnlockIncome(AppTest.java:40)
</error>
  </testcase>
  <testcase name="testPassword" classname="def.AppTest" time="0.001"/>
</testsuite>